android/app/build/intermediates/manifest_merge_blame_file/debug/processDebugMainManifest/manifest-merger-blame-debug-report.txt
1<?xml version="1.0" encoding="utf-8"?>
2<manifest xmlns:android="http://schemas.android.com/apk/res/android"
3    package="com.pbxmobile.app"
4    android:versionCode="1"
5    android:versionName="1.0" >
6
7    <uses-sdk
8        android:minSdkVersion="23"
9        android:targetSdkVersion="35" />
10
11    <!-- Phone permissions -->
12    <uses-permission android:name="android.permission.CALL_PHONE" />
12-->src/main/AndroidManifest.xml:6:5-69
12-->src/main/AndroidManifest.xml:6:22-66
13    <uses-permission android:name="android.permission.READ_PHONE_STATE" />
13-->src/main/AndroidManifest.xml:7:5-75
13-->src/main/AndroidManifest.xml:7:22-72
14    <uses-permission android:name="android.permission.READ_PHONE_NUMBERS" />
14-->src/main/AndroidManifest.xml:8:5-77
14-->src/main/AndroidManifest.xml:8:22-74
15    <uses-permission android:name="android.permission.RECORD_AUDIO" />
15-->src/main/AndroidManifest.xml:9:5-71
15-->src/main/AndroidManifest.xml:9:22-68
16    <uses-permission android:name="android.permission.MODIFY_AUDIO_SETTINGS" />
16-->src/main/AndroidManifest.xml:10:5-80
16-->src/main/AndroidManifest.xml:10:22-77
17    <uses-permission android:name="android.permission.WAKE_LOCK" />
17-->src/main/AndroidManifest.xml:11:5-68
17-->src/main/AndroidManifest.xml:11:22-65
18
19    <!-- Network permissions -->
20    <uses-permission android:name="android.permission.INTERNET" />
20-->src/main/AndroidManifest.xml:14:5-67
20-->src/main/AndroidManifest.xml:14:22-64
21    <uses-permission android:name="android.permission.ACCESS_NETWORK_STATE" />
21-->src/main/AndroidManifest.xml:15:5-79
21-->src/main/AndroidManifest.xml:15:22-76
22
23    <!-- Telecom permissions -->
24    <uses-permission android:name="android.permission.BIND_TELECOM_CONNECTION_SERVICE" />
24-->src/main/AndroidManifest.xml:18:5-90
24-->src/main/AndroidManifest.xml:18:22-87
25    <uses-permission android:name="android.permission.BIND_INCALL_SERVICE" />
25-->src/main/AndroidManifest.xml:19:5-78
25-->src/main/AndroidManifest.xml:19:22-75
26
27    <queries>
27-->[:capacitor-camera] AndroidManifest.xml:7:5-11:15
28        <intent>
28-->[:capacitor-camera] AndroidManifest.xml:8:9-10:18
29            <action android:name="android.media.action.IMAGE_CAPTURE" />
29-->[:capacitor-camera] AndroidManifest.xml:9:13-73
29-->[:capacitor-camera] AndroidManifest.xml:9:21-70
30        </intent>
31    </queries>
32
33    <permission
33-->[androidx.core:core:1.13.1] AndroidManifest.xml:22:5-24:47
34        android:name="com.pbxmobile.app.DYNAMIC_RECEIVER_NOT_EXPORTED_PERMISSION"
34-->[androidx.core:core:1.13.1] AndroidManifest.xml:23:9-81
35        android:protectionLevel="signature" />
35-->[androidx.core:core:1.13.1] AndroidManifest.xml:24:9-44
36
37    <uses-permission android:name="com.pbxmobile.app.DYNAMIC_RECEIVER_NOT_EXPORTED_PERMISSION" />
37-->[androidx.core:core:1.13.1] AndroidManifest.xml:26:5-97
37-->[androidx.core:core:1.13.1] AndroidManifest.xml:26:22-94
38
39    <application
39-->src/main/AndroidManifest.xml:21:5-97:19
40        android:allowBackup="true"
40-->src/main/AndroidManifest.xml:22:9-35
41        android:appComponentFactory="androidx.core.app.CoreComponentFactory"
41-->[androidx.core:core:1.13.1] AndroidManifest.xml:28:18-86
42        android:debuggable="true"
43        android:extractNativeLibs="false"
44        android:icon="@mipmap/ic_launcher"
44-->src/main/AndroidManifest.xml:23:9-43
45        android:label="@string/app_name"
45-->src/main/AndroidManifest.xml:24:9-41
46        android:theme="@style/AppTheme" >
46-->src/main/AndroidManifest.xml:25:9-40
47
48        <!-- Main Activity -->
49        <activity
49-->src/main/AndroidManifest.xml:28:9-64:20
50            android:name="com.pbxmobile.app.MainActivity"
50-->src/main/AndroidManifest.xml:29:13-41
51            android:exported="true"
51-->src/main/AndroidManifest.xml:30:13-36
52            android:launchMode="singleTask"
52-->src/main/AndroidManifest.xml:31:13-44
53            android:theme="@style/AppTheme.NoActionBarLaunch" >
53-->src/main/AndroidManifest.xml:32:13-62
54            <intent-filter>
54-->src/main/AndroidManifest.xml:34:13-37:29
55                <action android:name="android.intent.action.MAIN" />
55-->src/main/AndroidManifest.xml:35:17-69
55-->src/main/AndroidManifest.xml:35:25-66
56
57                <category android:name="android.intent.category.LAUNCHER" />
57-->src/main/AndroidManifest.xml:36:17-77
57-->src/main/AndroidManifest.xml:36:27-74
58            </intent-filter>
59
60            <!-- Dialer intents -->
61            <intent-filter>
61-->src/main/AndroidManifest.xml:40:13-43:29
62                <action android:name="android.intent.action.DIAL" />
62-->src/main/AndroidManifest.xml:41:17-69
62-->src/main/AndroidManifest.xml:41:25-66
63
64                <category android:name="android.intent.category.DEFAULT" />
64-->src/main/AndroidManifest.xml:42:17-76
64-->src/main/AndroidManifest.xml:42:27-73
65            </intent-filter>
66            <intent-filter>
66-->src/main/AndroidManifest.xml:45:13-49:29
67                <action android:name="android.intent.action.DIAL" />
67-->src/main/AndroidManifest.xml:41:17-69
67-->src/main/AndroidManifest.xml:41:25-66
68
69                <category android:name="android.intent.category.DEFAULT" />
69-->src/main/AndroidManifest.xml:42:17-76
69-->src/main/AndroidManifest.xml:42:27-73
70
71                <data android:scheme="tel" />
71-->src/main/AndroidManifest.xml:48:17-46
71-->src/main/AndroidManifest.xml:48:23-43
72            </intent-filter>
73            <intent-filter>
73-->src/main/AndroidManifest.xml:51:13-55:29
74                <action android:name="android.intent.action.CALL" />
74-->src/main/AndroidManifest.xml:52:17-69
74-->src/main/AndroidManifest.xml:52:25-66
75
76                <category android:name="android.intent.category.DEFAULT" />
76-->src/main/AndroidManifest.xml:42:17-76
76-->src/main/AndroidManifest.xml:42:27-73
77
78                <data android:scheme="tel" />
78-->src/main/AndroidManifest.xml:48:17-46
78-->src/main/AndroidManifest.xml:48:23-43
79            </intent-filter>
80            <intent-filter>
80-->src/main/AndroidManifest.xml:57:13-62:29
81                <action android:name="android.intent.action.VIEW" />
81-->src/main/AndroidManifest.xml:58:17-69
81-->src/main/AndroidManifest.xml:58:25-66
82
83                <category android:name="android.intent.category.BROWSABLE" />
83-->src/main/AndroidManifest.xml:59:17-78
83-->src/main/AndroidManifest.xml:59:27-75
84                <category android:name="android.intent.category.DEFAULT" />
84-->src/main/AndroidManifest.xml:42:17-76
84-->src/main/AndroidManifest.xml:42:27-73
85
86                <data android:scheme="tel" />
86-->src/main/AndroidManifest.xml:48:17-46
86-->src/main/AndroidManifest.xml:48:23-43
87            </intent-filter>
88        </activity>
89
90        <!-- Connection Service -->
91        <service
91-->src/main/AndroidManifest.xml:67:9-74:19
92            android:name="com.pbxmobile.app.MyConnectionService"
92-->src/main/AndroidManifest.xml:68:13-48
93            android:exported="true"
93-->src/main/AndroidManifest.xml:70:13-36
94            android:permission="android.permission.BIND_TELECOM_CONNECTION_SERVICE" >
94-->src/main/AndroidManifest.xml:69:13-84
95            <intent-filter>
95-->src/main/AndroidManifest.xml:71:13-73:29
96                <action android:name="android.telecom.ConnectionService" />
96-->src/main/AndroidManifest.xml:72:17-76
96-->src/main/AndroidManifest.xml:72:25-73
97            </intent-filter>
98        </service>
99
100        <!-- InCall Service -->
101        <service
101-->src/main/AndroidManifest.xml:77:9-86:19
102            android:name="com.pbxmobile.app.MyInCallService"
102-->src/main/AndroidManifest.xml:78:13-44
103            android:exported="true"
103-->src/main/AndroidManifest.xml:80:13-36
104            android:permission="android.permission.BIND_INCALL_SERVICE" >
104-->src/main/AndroidManifest.xml:79:13-72
105            <intent-filter>
105-->src/main/AndroidManifest.xml:81:13-83:29
106                <action android:name="android.telecom.InCallService" />
106-->src/main/AndroidManifest.xml:82:17-72
106-->src/main/AndroidManifest.xml:82:25-69
107            </intent-filter>
108
109            <meta-data
109-->src/main/AndroidManifest.xml:84:13-85:47
110                android:name="android.telecom.IN_CALL_SERVICE_UI"
110-->src/main/AndroidManifest.xml:84:24-73
111                android:value="true" />
111-->src/main/AndroidManifest.xml:85:24-44
112        </service>
113
114        <provider
115            android:name="androidx.core.content.FileProvider"
115-->src/main/AndroidManifest.xml:89:13-62
116            android:authorities="com.pbxmobile.app.fileprovider"
116-->src/main/AndroidManifest.xml:90:13-64
117            android:exported="false"
117-->src/main/AndroidManifest.xml:91:13-37
118            android:grantUriPermissions="true" >
118-->src/main/AndroidManifest.xml:92:13-47
119            <meta-data
119-->src/main/AndroidManifest.xml:93:13-95:64
120                android:name="android.support.FILE_PROVIDER_PATHS"
120-->src/main/AndroidManifest.xml:94:17-67
121                android:resource="@xml/file_paths" />
121-->src/main/AndroidManifest.xml:95:17-51
122        </provider>
123        <provider
123-->[androidx.emoji2:emoji2:1.3.0] AndroidManifest.xml:24:9-32:20
124            android:name="androidx.startup.InitializationProvider"
124-->[androidx.emoji2:emoji2:1.3.0] AndroidManifest.xml:25:13-67
125            android:authorities="com.pbxmobile.app.androidx-startup"
125-->[androidx.emoji2:emoji2:1.3.0] AndroidManifest.xml:26:13-68
126            android:exported="false" >
126-->[androidx.emoji2:emoji2:1.3.0] AndroidManifest.xml:27:13-37
127            <meta-data
127-->[androidx.emoji2:emoji2:1.3.0] AndroidManifest.xml:29:13-31:52
128                android:name="androidx.emoji2.text.EmojiCompatInitializer"
128-->[androidx.emoji2:emoji2:1.3.0] AndroidManifest.xml:30:17-75
129                android:value="androidx.startup" />
129-->[androidx.emoji2:emoji2:1.3.0] AndroidManifest.xml:31:17-49
130            <meta-data
130-->[androidx.lifecycle:lifecycle-process:2.6.2] AndroidManifest.xml:29:13-31:52
131                android:name="androidx.lifecycle.ProcessLifecycleInitializer"
131-->[androidx.lifecycle:lifecycle-process:2.6.2] AndroidManifest.xml:30:17-78
132                android:value="androidx.startup" />
132-->[androidx.lifecycle:lifecycle-process:2.6.2] AndroidManifest.xml:31:17-49
133            <meta-data
133-->[androidx.profileinstaller:profileinstaller:1.3.1] AndroidManifest.xml:29:13-31:52
134                android:name="androidx.profileinstaller.ProfileInstallerInitializer"
134-->[androidx.profileinstaller:profileinstaller:1.3.1] AndroidManifest.xml:30:17-85
135                android:value="androidx.startup" />
135-->[androidx.profileinstaller:profileinstaller:1.3.1] AndroidManifest.xml:31:17-49
136        </provider>
137
138        <receiver
138-->[androidx.profileinstaller:profileinstaller:1.3.1] AndroidManifest.xml:34:9-52:20
139            android:name="androidx.profileinstaller.ProfileInstallReceiver"
139-->[androidx.profileinstaller:profileinstaller:1.3.1] AndroidManifest.xml:35:13-76
140            android:directBootAware="false"
140-->[androidx.profileinstaller:profileinstaller:1.3.1] AndroidManifest.xml:36:13-44
141            android:enabled="true"
141-->[androidx.profileinstaller:profileinstaller:1.3.1] AndroidManifest.xml:37:13-35
142            android:exported="true"
142-->[androidx.profileinstaller:profileinstaller:1.3.1] AndroidManifest.xml:38:13-36
143            android:permission="android.permission.DUMP" >
143-->[androidx.profileinstaller:profileinstaller:1.3.1] AndroidManifest.xml:39:13-57
144            <intent-filter>
144-->[androidx.profileinstaller:profileinstaller:1.3.1] AndroidManifest.xml:40:13-42:29
145                <action android:name="androidx.profileinstaller.action.INSTALL_PROFILE" />
145-->[androidx.profileinstaller:profileinstaller:1.3.1] AndroidManifest.xml:41:17-91
145-->[androidx.profileinstaller:profileinstaller:1.3.1] AndroidManifest.xml:41:25-88
146            </intent-filter>
147            <intent-filter>
147-->[androidx.profileinstaller:profileinstaller:1.3.1] AndroidManifest.xml:43:13-45:29
148                <action android:name="androidx.profileinstaller.action.SKIP_FILE" />
148-->[androidx.profileinstaller:profileinstaller:1.3.1] AndroidManifest.xml:44:17-85
148-->[androidx.profileinstaller:profileinstaller:1.3.1] AndroidManifest.xml:44:25-82
149            </intent-filter>
150            <intent-filter>
150-->[androidx.profileinstaller:profileinstaller:1.3.1] AndroidManifest.xml:46:13-48:29
151                <action android:name="androidx.profileinstaller.action.SAVE_PROFILE" />
151-->[androidx.profileinstaller:profileinstaller:1.3.1] AndroidManifest.xml:47:17-88
151-->[androidx.profileinstaller:profileinstaller:1.3.1] AndroidManifest.xml:47:25-85
152            </intent-filter>
153            <intent-filter>
153-->[androidx.profileinstaller:profileinstaller:1.3.1] AndroidManifest.xml:49:13-51:29
154                <action android:name="androidx.profileinstaller.action.BENCHMARK_OPERATION" />
154-->[androidx.profileinstaller:profileinstaller:1.3.1] AndroidManifest.xml:50:17-95
154-->[androidx.profileinstaller:profileinstaller:1.3.1] AndroidManifest.xml:50:25-92
155            </intent-filter>
156        </receiver>
157    </application>
158
159</manifest>